D:\work\cs\JSJZC\0x2048\src\Top.ngc 1561097959
code/SAnti_jitter.ngc 1560499574
code/SEnter_2_32.ngc 1560499574
code/SSeg7_Dev.ngc 1560499574
ipcore_dir/RAM_B.ngc 1561097883
code/Counter_x.ngc 1560499574
code/Multi_8CH32.ngc 1560499574
code/SPIO.ngc 1560499574
code/M_datapath.ngc 1560499574
code/ctrl.ngc 1560499574
ipcore_dir/item2.ngc 1561085901
ipcore_dir/item4.ngc 1561086227
ipcore_dir/item8.ngc 1561086385
ipcore_dir/item16.ngc 1561086576
ipcore_dir/item32.ngc 1561086713
ipcore_dir/item64.ngc 1561086888
ipcore_dir/item128.ngc 1561087023
ipcore_dir/item256.ngc 1561087235
ipcore_dir/item512.ngc 1561087468
ipcore_dir/item1024.ngc 1561087631
ipcore_dir/item2048.ngc 1561087795
ipcore_dir/bg.ngc 1561089557
OK
