INFO:sim:172 - Generating IP...
ERROR:sim - Invalid radix value: 12. Radix value should be 2, 10 or 16.
ERROR:sim - Invalid radix value: 12. Radix value should be 2, 10 or 16.
ERROR:sim - Invalid radix value: 12. Radix value should be 2, 10 or 16.
ERROR:sim - Invalid radix value: 12. Radix value should be 2, 10 or 16.
Resolving generics for 'try'...
Applying external generics to 'try'...
Delivering associated files for 'try'...
Delivering EJava files for 'try'...
Generating implementation netlist for 'try'...
INFO:sim - Pre-processing HDL files for 'try'...
Running synthesis for 'try'
Running ngcbuild...
Writing VEO instantiation template for 'try'...
Writing Verilog behavioral simulation model for 'try'...
WARNING:sim - Overwriting existing file
   D:/work/cs/JSJZC/0x2048/src/ipcore_dir/tmp/_cg/try/doc/blk_mem_gen_v7_3_vinfo
   .html with file from view xilinx_documentation
Delivered 1 file into directory
D:/work/cs/JSJZC/0x2048/src/ipcore_dir/tmp/_cg/try
Generating ASY schematic symbol...
INFO:sim:949 - Finished generation of ASY schematic symbol.
Generating SYM schematic symbol for 'try'...
Generating metadata file...
Generating ISE project file for 'try'...
Generating ISE project...
XCO file found: try.xco
XMDF file found: try_xmdf.tcl
Adding D:/work/cs/JSJZC/0x2048/src/ipcore_dir/tmp/_cg/try.asy -view all
-origin_type imported
Adding D:/work/cs/JSJZC/0x2048/src/ipcore_dir/tmp/_cg/try.ngc -view all
-origin_type created
Checking file "D:/work/cs/JSJZC/0x2048/src/ipcore_dir/tmp/_cg/try.ngc" for
project device match ...
File "D:/work/cs/JSJZC/0x2048/src/ipcore_dir/tmp/_cg/try.ngc" device information
matches project device.
Adding D:/work/cs/JSJZC/0x2048/src/ipcore_dir/tmp/_cg/try.sym -view all
-origin_type imported
Adding D:/work/cs/JSJZC/0x2048/src/ipcore_dir/tmp/_cg/try.v -view all
-origin_type created
INFO:HDLCompiler:1845 - Analyzing Verilog file
   "D:/work/cs/JSJZC/0x2048/src/ipcore_dir/tmp/_cg/try.v" into library work
INFO:ProjectMgmt - Parsing design hierarchy completed successfully.
Adding D:/work/cs/JSJZC/0x2048/src/ipcore_dir/tmp/_cg/try.veo -view all
-origin_type imported
INFO:TclTasksC:2116 - The automatic calculation of top has been turned-off.
   Please set the new top explicitly by running the "project set top" command.
   To re-calculate the new top automatically, set the "Auto Implementation Top"
   property to true.
Top level has been set to "/try"
Generating README file...
Generating FLIST file...
INFO:sim:948 - Finished FLIST file generation.
Launching README viewer...
Moving files to output directory...
Finished moving files to output directory
Wrote CGP file for project 'try'.
